<?xml version="1.0" encoding="UTF-8"?>
<coverage generated="1553999861758" clover="3.2.0">
  <project timestamp="1553999861758" name="All files">
    <metrics statements="5" coveredstatements="5" conditionals="6" coveredconditionals="6" methods="3" coveredmethods="3" elements="14" coveredelements="14" complexity="0" loc="5" ncloc="5" packages="1" files="1" classes="1">
      <file name="filter-recursive.js" path="/Users/rformigao/development/courses-app/react-ninja/jest-in-practice/src/filter/filter-recursive.js">
        <metrics statements="5" coveredstatements="5" conditionals="6" coveredconditionals="6" methods="3" coveredmethods="3"/>
        <line num="3" count="4" type="cond" truecount="2" falsecount="0"/>
        <line num="4" count="7" type="stmt"/>
        <line num="5" count="25" type="stmt"/>
        <line num="6" count="25" type="stmt"/>
        <line num="8" count="25" type="cond" truecount="2" falsecount="0"/>
      </file>
    </metrics>
  </project>
</coverage>
