<?xml version="1.0" encoding="UTF-8"?>
<coverage generated="1553994387184" clover="3.2.0">
  <project timestamp="1553994387184" name="All files">
    <metrics statements="7" coveredstatements="7" conditionals="4" coveredconditionals="4" methods="2" coveredmethods="2" elements="13" coveredelements="13" complexity="0" loc="7" ncloc="7" packages="1" files="1" classes="1">
      <file name="filter.js" path="/Users/rformigao/development/courses-app/react-ninja/jest-in-practice/src/filter/filter.js">
        <metrics statements="7" coveredstatements="7" conditionals="4" coveredconditionals="4" methods="2" coveredmethods="2"/>
        <line num="3" count="2" type="cond" truecount="2" falsecount="0"/>
        <line num="4" count="7" type="stmt"/>
        <line num="6" count="7" type="stmt"/>
        <line num="7" count="18" type="stmt"/>
        <line num="8" count="18" type="stmt"/>
        <line num="9" count="18" type="cond" truecount="2" falsecount="0"/>
        <line num="12" count="7" type="stmt"/>
      </file>
    </metrics>
  </project>
</coverage>
