{"/Users/rformigao/development/courses-app/react-ninja/jest-in-practice/src/filter/filter-recursive.js": {"path":"/Users/rformigao/development/courses-app/react-ninja/jest-in-practice/src/filter/filter-recursive.js","statementMap":{"0":{"start":{"line":3,"column":15},"end":{"line":14,"column":1}},"1":{"start":{"line":3,"column":41},"end":{"line":3,"column":45}},"2":{"start":{"line":4,"column":2},"end":{"line":13,"column":13}},"3":{"start":{"line":5,"column":28},"end":{"line":5,"column":41}},"4":{"start":{"line":6,"column":19},"end":{"line":6,"column":43}},"5":{"start":{"line":8,"column":4},"end":{"line":12,"column":42}}},"fnMap":{"0":{"name":"(anonymous_0)","decl":{"start":{"line":3,"column":15},"end":{"line":3,"column":16}},"loc":{"start":{"line":3,"column":50},"end":{"line":14,"column":1}},"line":3},"1":{"name":"(anonymous_1)","decl":{"start":{"line":3,"column":33},"end":{"line":3,"column":34}},"loc":{"start":{"line":3,"column":41},"end":{"line":3,"column":45}},"line":3},"2":{"name":"internalFilter","decl":{"start":{"line":4,"column":19},"end":{"line":4,"column":33}},"loc":{"start":{"line":4,"column":58},"end":{"line":13,"column":3}},"line":4}},"branchMap":{"0":{"loc":{"start":{"line":3,"column":16},"end":{"line":3,"column":24}},"type":"default-arg","locations":[{"start":{"line":3,"column":22},"end":{"line":3,"column":24}}],"line":3},"1":{"loc":{"start":{"line":3,"column":26},"end":{"line":3,"column":45}},"type":"default-arg","locations":[{"start":{"line":3,"column":33},"end":{"line":3,"column":45}}],"line":3},"2":{"loc":{"start":{"line":8,"column":11},"end":{"line":12,"column":41}},"type":"cond-expr","locations":[{"start":{"line":9,"column":8},"end":{"line":9,"column":10}},{"start":{"line":10,"column":8},"end":{"line":12,"column":41}}],"line":8},"3":{"loc":{"start":{"line":10,"column":8},"end":{"line":12,"column":41}},"type":"cond-expr","locations":[{"start":{"line":11,"column":8},"end":{"line":11,"column":54}},{"start":{"line":12,"column":8},"end":{"line":12,"column":41}}],"line":10}},"s":{"0":1,"1":4,"2":7,"3":25,"4":25,"5":25},"f":{"0":7,"1":4,"2":25},"b":{"0":[1],"1":[2],"2":[7,18],"3":[11,7]},"_coverageSchema":"332fd63041d2c1bcb487cc26dd0d5f7d97098a6c","hash":"c6bb3bd2c570a5b20bd6693a8eb75fa6112b46aa"}
}
